Arguments: 
  /usr/local/bin/node /usr/local/bin/yarn install

PATH: 
  /Users/lujunjie/Library/pnpm:/opt/homebrew/bin:/opt/homebrew/sbin:/usr/local/bin:/usr/bin:/bin:/usr/sbin:/sbin:/usr/local/go/bin:/Users/lujunjie/Library/pnpm:/opt/homebrew/bin:/opt/homebrew/sbin

Yarn version: 
  1.22.18

Node version: 
  14.15.4

Platform: 
  darwin x64

Trace: 
  Error: certificate has expired
      at TLSSocket.onConnectSecure (_tls_wrap.js:1497:34)
      at TLSSocket.emit (events.js:315:20)
      at TLSSocket._finishInit (_tls_wrap.js:932:8)
      at TLSWrap.ssl.onhandshakedone (_tls_wrap.js:706:12)

npm manifest: 
  {
    "name": "20_react",
    "version": "1.0.0",
    "description": "",
    "main": "index.js",
    "scripts": {
      "start:test": "webpack-dev-server --mode development",
      "build": "webpack",
      "rm": "rimraf node_modules",
      "generateAnalyzFile": "webpack --profile --json > stats.json",
      "analyz": "webpack-bundle-analyzer --port 8888 ./dist/stats.json"
    },
    "repository": {
      "type": "git",
      "url": "git@git.coding.net:landjj321/20_react.git"
    },
    "author": "",
    "license": "ISC",
    "dependencies": {
      "@antv/s2": "^1.26.0",
      "@antv/s2-react": "^1.24.0",
      "@babel/eslint-parser": "^7.16.5",
      "ace-builds": "^1.9.5",
      "ahooks": "^2.9.6",
      "antd": "^4.22.6",
      "bootstrap": "^4.3.1",
      "echarts": "^4.4.0",
      "file-loader": "^4.2.0",
      "hoist-non-react-statics": "^3.3.2",
      "huse": "^2.0.1",
      "immutability-helper": "^3.1.1",
      "javascript-stringify": "^2.1.0",
      "lodash": "^4.17.21",
      "mobx": "^5.15.0",
      "mobx-react": "^6.1.4",
      "ramda": "^0.28.0",
      "react": "^16.8.6",
      "react-ace": "^10.1.0",
      "react-beautiful-dnd": "^13.1.1",
      "react-bootstrap": "^1.0.0-beta.9",
      "react-dnd": "^16.0.1",
      "react-dnd-html5-backend": "^16.0.1",
      "react-dom": "^16.8.6",
      "react-grid-layout": "^1.3.4",
      "react-redux": "^7.2.2",
      "react-router": "^5.0.1",
      "react-router-dom": "^5.0.1",
      "redux": "^4.0.5",
      "redux-thunk": "^2.3.0",
      "swr": "^1.3.0",
      "underscore": "^1.9.1",
      "uuid": "^3.3.2",
      "whatwg-fetch": "^3.0.0",
      "xlsx": "^0.15.4"
    },
    "devDependencies": {
      "@babel/core": "^7.1.6",
      "@babel/plugin-proposal-class-properties": "^7.7.4",
      "@babel/plugin-proposal-decorators": "^7.1.6",
      "@babel/plugin-proposal-object-rest-spread": "^7.0.0",
      "@babel/plugin-syntax-dynamic-import": "^7.0.0",
      "@babel/plugin-transform-runtime": "^7.2.0",
      "@babel/preset-env": "^7.1.6",
      "@babel/preset-react": "^7.0.0",
      "@babel/preset-typescript": "^7.16.7",
      "@types/react": "^17.0.38",
      "@types/react-beautiful-dnd": "^13.1.2",
      "@types/react-dom": "^17.0.11",
      "@types/react-grid-layout": "^1.3.2",
      "@types/react-redux": "^7.1.22",
      "@types/react-router-dom": "^5.3.2",
      "@typescript-eslint/parser": "^5.9.1",
      "awesome-typescript-loader": "^5.2.1",
      "babel-eslint": "^10.0.3",
      "babel-loader": "^8.0.6",
      "babel-plugin-import": "^1.13.0",
      "babel-plugin-transform-decorators-legacy": "^1.3.5",
      "babel-preset-react-app": "^9.1.0",
      "babel-preset-react-native-stage-0": "^1.0.1",
      "compression-webpack-plugin": "^6.1.1",
      "css-loader": "^2.1.1",
      "eslint": "^6.7.2",
      "eslint-plugin-react": "^7.17.0",
      "extract-text-webpack-plugin": "^3.0.2",
      "hard-source-webpack-plugin": "^0.13.1",
      "html-webpack-plugin": "^3.2.0",
      "less": "^3.9.0",
      "less-loader": "^5.0.0",
      "mockjs": "^1.1.0",
      "prettier": "^2.5.1",
      "react-svg-loader": "^3.0.3",
      "speed-measure-webpack-plugin": "^1.5.0",
      "style-loader": "^0.23.1",
      "svg-inline-loader": "^0.8.0",
      "svg-sprite-loader": "^4.1.6",
      "ts-loader": "^9.2.6",
      "typescript": "^4.5.4",
      "url-loader": "^1.1.2",
      "webpack": "^4.33.0",
      "webpack-bundle-analyzer": "^4.6.1",
      "webpack-cli": "^3.3.2",
      "webpack-dev-server": "^3.5.1"
    }
  }

yarn manifest: 
  No manifest

Lockfile: 
  No lockfile
